<?xml version="1.0" encoding="UTF-8"?>
<!-- Generated by org.testng.reporters.JUnitXMLReporter -->
<testsuite hostname="VDC01LTC2013" ignored="0" name="SIOT Test" tests="1" failures="1" timestamp="15 May 2018 13:48:28 GMT" time="97.154" errors="0">
  <testcase name="feature" time="96.867" classname="cucumber.api.testng.AbstractTestNGCucumberTests">
    <failure type="cucumber.runtime.CucumberException" message="java.lang.NullPointerException">
      <![CDATA[cucumber.runtime.CucumberException: java.lang.NullPointerException
at cucumber.api.testng.TestNGCucumberRunner.runCucumber(TestNGCucumberRunner.java:69)
at cucumber.api.testng.AbstractTestNGCucumberTests.feature(AbstractTestNGCucumberTests.java:21)
Caused by: java.lang.NullPointerException
at org.openqa.selenium.remote.RemoteWebElement.execute(RemoteWebElement.java:275)
at org.openqa.selenium.remote.RemoteWebElement.isDisplayed(RemoteWebElement.java:316)
at SIOT.Samsung.Test.HomePage.user_navigates_to_landing_Screen(HomePage.java:17)
at SIOT.Samsung.Test.HomePageTest.usernavigatestolandingScreen(HomePageTest.java:29)
at ✽.When user navigates to landing Screen and verify screen with below scenerios(java/FeatruresFiles/Homepage.feature:6)
... Removed 25 stack frames]]>
    </failure>
  </testcase> <!-- feature -->
</testsuite> <!-- SIOT Test -->
