<?xml version="1.0" encoding="UTF-8"?>
<testng-results skipped="0" failed="0" ignored="0" total="1" passed="1">
  <reporter-output>
  </reporter-output>
  <suite name="Default suite" duration-ms="32" started-at="2018-05-16T06:27:59Z" finished-at="2018-05-16T06:27:59Z">
    <groups>
    </groups>
    <test name="Default test" duration-ms="32" started-at="2018-05-16T06:27:59Z" finished-at="2018-05-16T06:27:59Z">
      <class name="SIOT.Samsung.Test.GenericClass">
        <test-method status="PASS" signature="Test()[pri:0, instance:SIOT.Samsung.Test.GenericClass@8646db9]" name="Test" duration-ms="9" started-at="2018-05-16T06:27:59Z" finished-at="2018-05-16T06:27:59Z">
          <reporter-output>
          </reporter-output>
        </test-method> <!-- Test -->
      </class> <!-- SIOT.Samsung.Test.GenericClass -->
    </test> <!-- Default test -->
  </suite> <!-- Default suite -->
</testng-results>
